1454162652.170214 server started, pid 5476
1454162652.170307 continuing cmdq 0x7f8d02704a30: flags=0, client=-1
1454162652.170314 cmdq 0x7f8d02704a30: bind-key C-b send-prefix
1454162652.170340 continuing cmdq 0x7f8d02704a30: flags=0, client=-1
1454162652.170344 cmdq 0x7f8d02704a30: bind-key C-o rotate-window
1454162652.170353 continuing cmdq 0x7f8d02704a30: flags=0, client=-1
1454162652.170357 cmdq 0x7f8d02704a30: bind-key C-z suspend-client
1454162652.170366 continuing cmdq 0x7f8d02704a30: flags=0, client=-1
1454162652.170369 cmdq 0x7f8d02704a30: bind-key Space next-layout
1454162652.170378 continuing cmdq 0x7f8d02704a30: flags=0, client=-1
1454162652.170381 cmdq 0x7f8d02704a30: bind-key ! break-pane
1454162652.170391 continuing cmdq 0x7f8d02704a30: flags=0, client=-1
1454162652.170394 cmdq 0x7f8d02704a30: bind-key " split-window
1454162652.170403 continuing cmdq 0x7f8d02704a30: flags=0, client=-1
1454162652.170406 cmdq 0x7f8d02704a30: bind-key # list-buffers
1454162652.170416 continuing cmdq 0x7f8d02704a30: flags=0, client=-1
1454162652.170421 cmdq 0x7f8d02704a30: bind-key $ command-prompt -I#S "rename-session '%%'"
1454162652.170432 continuing cmdq 0x7f8d02704a30: flags=0, client=-1
1454162652.170438 cmdq 0x7f8d02704a30: bind-key % split-window -h
1454162652.170464 continuing cmdq 0x7f8d02704a30: flags=0, client=-1
1454162652.170468 cmdq 0x7f8d02704a30: bind-key & confirm-before "-pkill-window #W? (y/n)" kill-window
1454162652.170479 continuing cmdq 0x7f8d02704a30: flags=0, client=-1
1454162652.170483 cmdq 0x7f8d02704a30: bind-key ' command-prompt -pindex "select-window -t ':%%'"
1454162652.170491 continuing cmdq 0x7f8d02704a30: flags=0, client=-1
1454162652.170495 cmdq 0x7f8d02704a30: bind-key ( switch-client -p
1454162652.170504 continuing cmdq 0x7f8d02704a30: flags=0, client=-1
1454162652.170507 cmdq 0x7f8d02704a30: bind-key ) switch-client -n
1454162652.170517 continuing cmdq 0x7f8d02704a30: flags=0, client=-1
1454162652.170521 cmdq 0x7f8d02704a30: bind-key , command-prompt -I#W "rename-window '%%'"
1454162652.170529 continuing cmdq 0x7f8d02704a30: flags=0, client=-1
1454162652.170532 cmdq 0x7f8d02704a30: bind-key - delete-buffer
1454162652.170540 continuing cmdq 0x7f8d02704a30: flags=0, client=-1
1454162652.170544 cmdq 0x7f8d02704a30: bind-key . command-prompt "move-window -t '%%'"
1454162652.170552 continuing cmdq 0x7f8d02704a30: flags=0, client=-1
1454162652.170555 cmdq 0x7f8d02704a30: bind-key 0 select-window -t:=0
1454162652.170564 continuing cmdq 0x7f8d02704a30: flags=0, client=-1
1454162652.170567 cmdq 0x7f8d02704a30: bind-key 1 select-window -t:=1
1454162652.170576 continuing cmdq 0x7f8d02704a30: flags=0, client=-1
1454162652.170579 cmdq 0x7f8d02704a30: bind-key 2 select-window -t:=2
1454162652.170588 continuing cmdq 0x7f8d02704a30: flags=0, client=-1
1454162652.170591 cmdq 0x7f8d02704a30: bind-key 3 select-window -t:=3
1454162652.170599 continuing cmdq 0x7f8d02704a30: flags=0, client=-1
1454162652.170602 cmdq 0x7f8d02704a30: bind-key 4 select-window -t:=4
1454162652.170613 continuing cmdq 0x7f8d02704a30: flags=0, client=-1
1454162652.170616 cmdq 0x7f8d02704a30: bind-key 5 select-window -t:=5
1454162652.170625 continuing cmdq 0x7f8d02704a30: flags=0, client=-1
1454162652.170628 cmdq 0x7f8d02704a30: bind-key 6 select-window -t:=6
1454162652.170636 continuing cmdq 0x7f8d02704a30: flags=0, client=-1
1454162652.170639 cmdq 0x7f8d02704a30: bind-key 7 select-window -t:=7
1454162652.170648 continuing cmdq 0x7f8d02704a30: flags=0, client=-1
1454162652.170651 cmdq 0x7f8d02704a30: bind-key 8 select-window -t:=8
1454162652.170659 continuing cmdq 0x7f8d02704a30: flags=0, client=-1
1454162652.170662 cmdq 0x7f8d02704a30: bind-key 9 select-window -t:=9
1454162652.170670 continuing cmdq 0x7f8d02704a30: flags=0, client=-1
1454162652.170673 cmdq 0x7f8d02704a30: bind-key : command-prompt
1454162652.170680 continuing cmdq 0x7f8d02704a30: flags=0, client=-1
1454162652.170683 cmdq 0x7f8d02704a30: bind-key ; last-pane
1454162652.170690 continuing cmdq 0x7f8d02704a30: flags=0, client=-1
1454162652.170693 cmdq 0x7f8d02704a30: bind-key = choose-buffer
1454162652.170705 continuing cmdq 0x7f8d02704a30: flags=0, client=-1
1454162652.170708 cmdq 0x7f8d02704a30: bind-key ? list-keys
1454162652.170715 continuing cmdq 0x7f8d02704a30: flags=0, client=-1
1454162652.170718 cmdq 0x7f8d02704a30: bind-key D choose-client
1454162652.170725 continuing cmdq 0x7f8d02704a30: flags=0, client=-1
1454162652.170729 cmdq 0x7f8d02704a30: bind-key L switch-client -l
1454162652.170737 continuing cmdq 0x7f8d02704a30: flags=0, client=-1
1454162652.170740 cmdq 0x7f8d02704a30: bind-key M select-pane -M
1454162652.170748 continuing cmdq 0x7f8d02704a30: flags=0, client=-1
1454162652.170751 cmdq 0x7f8d02704a30: bind-key [ copy-mode
1454162652.170757 continuing cmdq 0x7f8d02704a30: flags=0, client=-1
1454162652.170760 cmdq 0x7f8d02704a30: bind-key ] paste-buffer
1454162652.170767 continuing cmdq 0x7f8d02704a30: flags=0, client=-1
1454162652.170770 cmdq 0x7f8d02704a30: bind-key c new-window
1454162652.170777 continuing cmdq 0x7f8d02704a30: flags=0, client=-1
1454162652.170780 cmdq 0x7f8d02704a30: bind-key d detach-client
1454162652.170788 continuing cmdq 0x7f8d02704a30: flags=0, client=-1
1454162652.170792 cmdq 0x7f8d02704a30: bind-key f command-prompt "find-window '%%'"
1454162652.170799 continuing cmdq 0x7f8d02704a30: flags=0, client=-1
1454162652.170802 cmdq 0x7f8d02704a30: bind-key i display-message
1454162652.170809 continuing cmdq 0x7f8d02704a30: flags=0, client=-1
1454162652.170812 cmdq 0x7f8d02704a30: bind-key l last-window
1454162652.170819 continuing cmdq 0x7f8d02704a30: flags=0, client=-1
1454162652.170822 cmdq 0x7f8d02704a30: bind-key m select-pane -m
1454162652.170830 continuing cmdq 0x7f8d02704a30: flags=0, client=-1
1454162652.170833 cmdq 0x7f8d02704a30: bind-key n next-window
1454162652.170842 continuing cmdq 0x7f8d02704a30: flags=0, client=-1
1454162652.170845 cmdq 0x7f8d02704a30: bind-key o select-pane -t:.+
1454162652.170853 continuing cmdq 0x7f8d02704a30: flags=0, client=-1
1454162652.170856 cmdq 0x7f8d02704a30: bind-key p previous-window
1454162652.170863 continuing cmdq 0x7f8d02704a30: flags=0, client=-1
1454162652.170866 cmdq 0x7f8d02704a30: bind-key q display-panes
1454162652.170873 continuing cmdq 0x7f8d02704a30: flags=0, client=-1
1454162652.170876 cmdq 0x7f8d02704a30: bind-key r refresh-client
1454162652.170883 continuing cmdq 0x7f8d02704a30: flags=0, client=-1
1454162652.170886 cmdq 0x7f8d02704a30: bind-key s choose-tree
1454162652.170892 continuing cmdq 0x7f8d02704a30: flags=0, client=-1
1454162652.170895 cmdq 0x7f8d02704a30: bind-key t clock-mode
1454162652.170901 continuing cmdq 0x7f8d02704a30: flags=0, client=-1
1454162652.170904 cmdq 0x7f8d02704a30: bind-key w choose-window
1454162652.170913 continuing cmdq 0x7f8d02704a30: flags=0, client=-1
1454162652.170917 cmdq 0x7f8d02704a30: bind-key x confirm-before "-pkill-pane #P? (y/n)" kill-pane
1454162652.170925 continuing cmdq 0x7f8d02704a30: flags=0, client=-1
1454162652.170928 cmdq 0x7f8d02704a30: bind-key z resize-pane -Z
1454162652.170936 continuing cmdq 0x7f8d02704a30: flags=0, client=-1
1454162652.170939 cmdq 0x7f8d02704a30: bind-key { swap-pane -U
1454162652.170947 continuing cmdq 0x7f8d02704a30: flags=0, client=-1
1454162652.170950 cmdq 0x7f8d02704a30: bind-key } swap-pane -D
1454162652.170958 continuing cmdq 0x7f8d02704a30: flags=0, client=-1
1454162652.170961 cmdq 0x7f8d02704a30: bind-key ~ show-messages
1454162652.170969 continuing cmdq 0x7f8d02704a30: flags=0, client=-1
1454162652.170972 cmdq 0x7f8d02704a30: bind-key PPage copy-mode -u
1454162652.170980 continuing cmdq 0x7f8d02704a30: flags=0, client=-1
1454162652.170984 cmdq 0x7f8d02704a30: bind-key -r Up select-pane -U
1454162652.170993 continuing cmdq 0x7f8d02704a30: flags=0, client=-1
1454162652.170996 cmdq 0x7f8d02704a30: bind-key -r Down select-pane -D
1454162652.171005 continuing cmdq 0x7f8d02704a30: flags=0, client=-1
1454162652.171008 cmdq 0x7f8d02704a30: bind-key -r Left select-pane -L
1454162652.171017 continuing cmdq 0x7f8d02704a30: flags=0, client=-1
1454162652.171020 cmdq 0x7f8d02704a30: bind-key -r Right select-pane -R
1454162652.171029 continuing cmdq 0x7f8d02704a30: flags=0, client=-1
1454162652.171036 cmdq 0x7f8d02704a30: bind-key M-1 select-layout even-horizontal
1454162652.171044 continuing cmdq 0x7f8d02704a30: flags=0, client=-1
1454162652.171050 cmdq 0x7f8d02704a30: bind-key M-2 select-layout even-vertical
1454162652.171058 continuing cmdq 0x7f8d02704a30: flags=0, client=-1
1454162652.171062 cmdq 0x7f8d02704a30: bind-key M-3 select-layout main-horizontal
1454162652.171070 continuing cmdq 0x7f8d02704a30: flags=0, client=-1
1454162652.171073 cmdq 0x7f8d02704a30: bind-key M-4 select-layout main-vertical
1454162652.171081 continuing cmdq 0x7f8d02704a30: flags=0, client=-1
1454162652.171085 cmdq 0x7f8d02704a30: bind-key M-5 select-layout tiled
1454162652.171092 continuing cmdq 0x7f8d02704a30: flags=0, client=-1
1454162652.171096 cmdq 0x7f8d02704a30: bind-key M-n next-window -a
1454162652.171104 continuing cmdq 0x7f8d02704a30: flags=0, client=-1
1454162652.171107 cmdq 0x7f8d02704a30: bind-key M-o rotate-window -D
1454162652.171115 continuing cmdq 0x7f8d02704a30: flags=0, client=-1
1454162652.171118 cmdq 0x7f8d02704a30: bind-key M-p previous-window -a
1454162652.171127 continuing cmdq 0x7f8d02704a30: flags=0, client=-1
1454162652.171130 cmdq 0x7f8d02704a30: bind-key -r M-Up resize-pane -U 5
1454162652.171140 continuing cmdq 0x7f8d02704a30: flags=0, client=-1
1454162652.171144 cmdq 0x7f8d02704a30: bind-key -r M-Down resize-pane -D 5
1454162652.171154 continuing cmdq 0x7f8d02704a30: flags=0, client=-1
1454162652.171157 cmdq 0x7f8d02704a30: bind-key -r M-Left resize-pane -L 5
1454162652.171167 continuing cmdq 0x7f8d02704a30: flags=0, client=-1
1454162652.171171 cmdq 0x7f8d02704a30: bind-key -r M-Right resize-pane -R 5
1454162652.171180 continuing cmdq 0x7f8d02704a30: flags=0, client=-1
1454162652.171183 cmdq 0x7f8d02704a30: bind-key -r C-Up resize-pane -U
1454162652.171193 continuing cmdq 0x7f8d02704a30: flags=0, client=-1
1454162652.171196 cmdq 0x7f8d02704a30: bind-key -r C-Down resize-pane -D
1454162652.171205 continuing cmdq 0x7f8d02704a30: flags=0, client=-1
1454162652.171209 cmdq 0x7f8d02704a30: bind-key -r C-Left resize-pane -L
1454162652.171218 continuing cmdq 0x7f8d02704a30: flags=0, client=-1
1454162652.171221 cmdq 0x7f8d02704a30: bind-key -r C-Right resize-pane -R
1454162652.171232 continuing cmdq 0x7f8d02704a30: flags=0, client=-1
1454162652.171236 cmdq 0x7f8d02704a30: bind-key -n MouseDown1Pane select-pane -t=; send-keys -M
1454162652.171248 continuing cmdq 0x7f8d02704a30: flags=0, client=-1
1454162652.171251 cmdq 0x7f8d02704a30: bind-key -n MouseDrag1Border resize-pane -M
1454162652.171262 continuing cmdq 0x7f8d02704a30: flags=0, client=-1
1454162652.171267 cmdq 0x7f8d02704a30: bind-key -n MouseDown1Status select-window -t=
1454162652.171282 continuing cmdq 0x7f8d02704a30: flags=0, client=-1
1454162652.171288 cmdq 0x7f8d02704a30: bind-key -n MouseDrag1Pane if -Ft= #{mouse_any_flag} "if -Ft= "#{pane_in_mode}" "copy-mode -M" "send-keys -M"" "copy-mode -M"
1454162652.171299 continuing cmdq 0x7f8d02704a30: flags=0, client=-1
1454162652.171303 cmdq 0x7f8d02704a30: bind-key -n MouseDown3Pane select-pane -mt=
1454162652.171440 socket path /private/var/folders/zg/gjktf0955xs6jkq_x786ph2w0000gn/T/tmux-501/default
1454162652.171546 new client 7
1454162652.171599 loading /Users/davidjones/.tmux.conf
1454162652.171615 /Users/davidjones/.tmux.conf: ## Davy Jones tmux.conf
1454162652.171619 /Users/davidjones/.tmux.conf: 
1454162652.171622 /Users/davidjones/.tmux.conf: # Windows {{{
1454162652.171625 /Users/davidjones/.tmux.conf: set -g default-terminal "screen-256color" 
1454162652.171635 /Users/davidjones/.tmux.conf: set-option -g allow-rename off
1454162652.171643 /Users/davidjones/.tmux.conf: set -g base-index 1
1454162652.171650 /Users/davidjones/.tmux.conf: set-window-option -g pane-base-index 1
1454162652.171658 /Users/davidjones/.tmux.conf: # }}}
1454162652.171661 /Users/davidjones/.tmux.conf: # Super Key Mapping {{{
1454162652.171664 /Users/davidjones/.tmux.conf: unbind C-b
1454162652.171669 /Users/davidjones/.tmux.conf: set -g prefix C-a
1454162652.171680 /Users/davidjones/.tmux.conf: bind C-a send-prefix
1454162652.171686 /Users/davidjones/.tmux.conf: # }}}
1454162652.171689 /Users/davidjones/.tmux.conf: # Enable Mouse Support {{{
1454162652.171692 /Users/davidjones/.tmux.conf: set -g mode-mouse on
1454162652.171701 /Users/davidjones/.tmux.conf: set-option -g mouse-select-pane on
1454162652.171708 /Users/davidjones/.tmux.conf: # }}}
1454162652.171712 /Users/davidjones/.tmux.conf: # Have tmux count from 1 not 0 {{{
1454162652.171715 /Users/davidjones/.tmux.conf: set -g base-index 1
1454162652.171721 /Users/davidjones/.tmux.conf: # }}}
1454162652.171724 /Users/davidjones/.tmux.conf: # Status Bar {{{
1454162652.171726 /Users/davidjones/.tmux.conf: setw -g monitor-activity on
1454162652.171733 /Users/davidjones/.tmux.conf: # set -g visual-activity on
1454162652.171736 /Users/davidjones/.tmux.conf: set-option -g status on
1454162652.171742 /Users/davidjones/.tmux.conf: set-option -g status-interval 2
1454162652.171749 /Users/davidjones/.tmux.conf: set-option -g status-utf8 on
1454162652.171755 /Users/davidjones/.tmux.conf: set-option -g status-justify "centre"
1454162652.171762 /Users/davidjones/.tmux.conf: set-option -g status-left-length 60
1454162652.171769 /Users/davidjones/.tmux.conf: set-option -g status-right-length 90
1454162652.171776 /Users/davidjones/.tmux.conf: set-option -g status-left "#(~/.tmux/tmux-powerline/powerline.sh left)"
1454162652.171785 /Users/davidjones/.tmux.conf: set-option -g status-right "#(~/.tmux/tmux-powerline/powerline.sh right)"
1454162652.171794 /Users/davidjones/.tmux.conf: # }}}
1454162652.171798 /Users/davidjones/.tmux.conf: # Fix OSX user namespace interaction {{{
1454162652.171803 /Users/davidjones/.tmux.conf: set-option -g default-command "reattach-to-user-namespace -l zsh" # allow tmux to talk with bootstrap namespace programs (pbcopy, launchctl etc)
1454162652.171811 /Users/davidjones/.tmux.conf: # bind C-c run "tmux show-buffer | reattach-to-user-namespace pbcopy"
1454162652.171815 /Users/davidjones/.tmux.conf: # bind C-v run "reattach-to-user-namespace pbpaste | tmux load-buffer - && tmux paste-buffer"
1454162652.171818 /Users/davidjones/.tmux.conf: # }}}
1454162652.171821 /Users/davidjones/.tmux.conf: # vim:foldmethod=marker:foldlevel=0
1454162652.171830 continuing cmdq 0x7f8d027093c0: flags=0, client=-1
1454162652.171834 cmdq 0x7f8d027093c0: set-option -g default-terminal screen-256color
1454162652.171859 cmdq 0x7f8d027093c0: set-option -g allow-rename off
1454162652.171871 cmdq 0x7f8d027093c0: set-option -g base-index 1
1454162652.171884 cmdq 0x7f8d027093c0: set-window-option -g pane-base-index 1
1454162652.171894 cmdq 0x7f8d027093c0: unbind-key C-b
1454162652.171902 cmdq 0x7f8d027093c0: set-option -g prefix C-a
1454162652.171907 cmdq 0x7f8d027093c0: bind-key C-a send-prefix
1454162652.171914 cmdq 0x7f8d027093c0: set-option -g mode-mouse on
1454162652.171920 cmdq 0x7f8d027093c0: set-option -g mouse-select-pane on
1454162652.171926 cmdq 0x7f8d027093c0: set-option -g base-index 1
1454162652.171931 cmdq 0x7f8d027093c0: set-window-option -g monitor-activity on
1454162652.171937 cmdq 0x7f8d027093c0: set-option -g status on
1454162652.171944 cmdq 0x7f8d027093c0: set-option -g status-interval 2
1454162652.171949 cmdq 0x7f8d027093c0: set-option -g status-utf8 on
1454162652.171954 cmdq 0x7f8d027093c0: set-option -g status-justify centre
1454162652.171960 cmdq 0x7f8d027093c0: set-option -g status-left-length 60
1454162652.171965 cmdq 0x7f8d027093c0: set-option -g status-right-length 90
1454162652.171972 cmdq 0x7f8d027093c0: set-option -g status-left "#(~/.tmux/tmux-powerline/powerline.sh left)"
1454162652.171978 cmdq 0x7f8d027093c0: set-option -g status-right "#(~/.tmux/tmux-powerline/powerline.sh right)"
1454162652.171984 cmdq 0x7f8d027093c0: set-option -g default-command "reattach-to-user-namespace -l zsh"
1454162652.171989 unref client 7 (2 references)
1454162652.171999 event dispatch enter
1454162652.172085 got 100 from client 7
1454162652.172093 got 101 from client 7
1454162652.172095 got 102 from client 7
1454162652.172098 got 103 from client 7
1454162652.172110 event dispatch exit
1454162652.172114 event dispatch enter
1454162652.172142 got 104 from client 7
1454162652.172149 got 107 from client 7
1454162652.172154 got 105 from client 7
1454162652.172163 got 105 from client 7
1454162652.172169 got 105 from client 7
1454162652.172175 got 105 from client 7
1454162652.172180 got 105 from client 7
1454162652.172185 got 105 from client 7
1454162652.172191 got 105 from client 7
1454162652.172196 got 105 from client 7
1454162652.172199 got 105 from client 7
1454162652.172203 got 105 from client 7
1454162652.172206 got 105 from client 7
1454162652.172209 got 105 from client 7
1454162652.172212 got 105 from client 7
1454162652.172216 got 105 from client 7
1454162652.172219 got 105 from client 7
1454162652.172222 got 105 from client 7
1454162652.172226 got 105 from client 7
1454162652.172229 got 105 from client 7
1454162652.172232 got 105 from client 7
1454162652.172236 got 105 from client 7
1454162652.172239 got 105 from client 7
1454162652.172242 got 105 from client 7
1454162652.172245 got 105 from client 7
1454162652.172249 got 105 from client 7
1454162652.172252 got 105 from client 7
1454162652.172255 got 105 from client 7
1454162652.172258 got 105 from client 7
1454162652.172261 got 105 from client 7
1454162652.172265 got 106 from client 7
1454162652.172936 got 200 from client 7
1454162652.172945 continuing cmdq 0x7f8d02704a30: flags=0, client=7
1454162652.172948 cmdq 0x7f8d02704a30: new-session
1454162652.172957 new term: xterm-256color
1454162652.173266 xterm-256color override: XT 
1454162652.173273 xterm-256color override: Ms \033]52;%p1%s;%p2%s\a
1454162652.173277 xterm-256color override: Cs \033]12;%p1%s\a
1454162652.173281 xterm-256color override: Cr \033]112\a
1454162652.173284 xterm-256color override: Ss \033[%p1%d q
1454162652.173288 xterm-256color override: Se \033[2 q
1454162652.173334 new key \033Oo: 0x103c (KP/)
1454162652.173339 new key \033Oj: 0x103d (KP*)
1454162652.173343 new key \033Om: 0x103e (KP-)
1454162652.173345 new key \033Ow: 0x103f (KP7)
1454162652.173348 new key \033Ox: 0x1040 (KP8)
1454162652.173351 new key \033Oy: 0x1041 (KP9)
1454162652.173353 new key \033Ok: 0x1042 (KP+)
1454162652.173356 new key \033Ot: 0x1043 (KP4)
1454162652.173358 new key \033Ou: 0x1044 (KP5)
1454162652.173361 new key \033Ov: 0x1045 (KP6)
1454162652.173364 new key \033Oq: 0x1046 (KP1)
1454162652.173366 new key \033Or: 0x1047 (KP2)
1454162652.173369 new key \033Os: 0x1048 (KP3)
1454162652.173372 new key \033OM: 0x1049 (KPEnter)
1454162652.173375 new key \033Op: 0x104a (KP0)
1454162652.173377 new key \033On: 0x104b (KP.)
1454162652.173380 new key \033OA: 0x1038 (Up)
1454162652.173383 new key \033OB: 0x1039 (Down)
1454162652.173385 new key \033OC: 0x103b (Right)
1454162652.173388 new key \033OD: 0x103a (Left)
1454162652.173391 new key \033[A: 0x1038 (Up)
1454162652.173393 new key \033[B: 0x1039 (Down)
1454162652.173396 new key \033[C: 0x103b (Right)
1454162652.173399 new key \033[D: 0x103a (Left)
1454162652.173401 new key \033OH: 0x1033 (Home)
1454162652.173404 new key \033OF: 0x1034 (End)
1454162652.173407 new key \033[H: 0x1033 (Home)
1454162652.173409 new key \033[F: 0x1034 (End)
1454162652.173412 new key \033Oa: 0x5038 (C-Up)
1454162652.173415 new key \033Ob: 0x5039 (C-Down)
1454162652.173417 new key \033Oc: 0x503b (C-Right)
1454162652.173420 new key \033Od: 0x503a (C-Left)
1454162652.173423 new key \033[a: 0x9038 (S-Up)
1454162652.173425 new key \033[b: 0x9039 (S-Down)
1454162652.173428 new key \033[c: 0x903b (S-Right)
1454162652.173431 new key \033[d: 0x903a (S-Left)
1454162652.173434 new key \033[11^: 0x5025 (C-F1)
1454162652.173436 new key \033[12^: 0x5026 (C-F2)
1454162652.173439 new key \033[13^: 0x5027 (C-F3)
1454162652.173442 new key \033[14^: 0x5028 (C-F4)
1454162652.173444 new key \033[15^: 0x5029 (C-F5)
1454162652.173447 new key \033[17^: 0x502a (C-F6)
1454162652.173450 new key \033[18^: 0x502b (C-F7)
1454162652.173455 new key \033[19^: 0x502c (C-F8)
1454162652.173458 new key \033[20^: 0x502d (C-F9)
1454162652.173460 new key \033[21^: 0x502e (C-F10)
1454162652.173470 new key \033[23^: 0x502f (C-F11)
1454162652.173473 new key \033[24^: 0x5030 (C-F12)
1454162652.173476 new key \033[2^: 0x5031 (C-IC)
1454162652.173479 new key \033[3^: 0x5032 (C-DC)
1454162652.173482 new key \033[7^: 0x5033 (C-Home)
1454162652.173485 new key \033[8^: 0x5034 (C-End)
1454162652.173487 new key \033[6^: 0x5035 (C-NPage)
1454162652.173490 new key \033[5^: 0x5036 (C-PPage)
1454162652.173493 new key \033[11$: 0x9025 (S-F1)
1454162652.173496 new key \033[12$: 0x9026 (S-F2)
1454162652.173498 new key \033[13$: 0x9027 (S-F3)
1454162652.173501 new key \033[14$: 0x9028 (S-F4)
1454162652.173504 new key \033[15$: 0x9029 (S-F5)
1454162652.173506 new key \033[17$: 0x902a (S-F6)
1454162652.173509 new key \033[18$: 0x902b (S-F7)
1454162652.173511 new key \033[19$: 0x902c (S-F8)
1454162652.173514 new key \033[20$: 0x902d (S-F9)
1454162652.173517 new key \033[21$: 0x902e (S-F10)
1454162652.173519 new key \033[23$: 0x902f (S-F11)
1454162652.173522 new key \033[24$: 0x9030 (S-F12)
1454162652.173525 new key \033[2$: 0x9031 (S-IC)
1454162652.173527 new key \033[3$: 0x9032 (S-DC)
1454162652.173530 new key \033[7$: 0x9033 (S-Home)
1454162652.173533 new key \033[8$: 0x9034 (S-End)
1454162652.173536 new key \033[6$: 0x9035 (S-NPage)
1454162652.173538 new key \033[5$: 0x9036 (S-PPage)
1454162652.173541 new key \033[11@: 0xd025 (C-S-F1)
1454162652.173544 new key \033[12@: 0xd026 (C-S-F2)
1454162652.173547 new key \033[13@: 0xd027 (C-S-F3)
1454162652.173549 new key \033[14@: 0xd028 (C-S-F4)
1454162652.173552 new key \033[15@: 0xd029 (C-S-F5)
1454162652.173555 new key \033[17@: 0xd02a (C-S-F6)
1454162652.173557 new key \033[18@: 0xd02b (C-S-F7)
1454162652.173560 new key \033[19@: 0xd02c (C-S-F8)
1454162652.173562 new key \033[20@: 0xd02d (C-S-F9)
1454162652.173565 new key \033[21@: 0xd02e (C-S-F10)
1454162652.173568 new key \033[23@: 0xd02f (C-S-F11)
1454162652.173570 new key \033[24@: 0xd030 (C-S-F12)
1454162652.173573 new key \033[2@: 0xd031 (C-S-IC)
1454162652.173576 new key \033[3@: 0xd032 (C-S-DC)
1454162652.173578 new key \033[7@: 0xd033 (C-S-Home)
1454162652.173581 new key \033[8@: 0xd034 (C-S-End)
1454162652.173584 new key \033[6@: 0xd035 (C-S-NPage)
1454162652.173586 new key \033[5@: 0xd036 (C-S-PPage)
1454162652.173589 new key \033[I: 0x1000 ((null))
1454162652.173592 new key \033[O: 0x1001 ((null))
1454162652.173595 new key \033OP: 0x1025 (F1)
1454162652.173597 new key \033OQ: 0x1026 (F2)
1454162652.173600 new key \033OR: 0x1027 (F3)
1454162652.173602 new key \033OS: 0x1028 (F4)
1454162652.173605 new key \033[15~: 0x1029 (F5)
1454162652.173608 new key \033[17~: 0x102a (F6)
1454162652.173610 new key \033[18~: 0x102b (F7)
1454162652.173613 new key \033[19~: 0x102c (F8)
1454162652.173616 new key \033[20~: 0x102d (F9)
1454162652.173618 new key \033[21~: 0x102e (F10)
1454162652.173621 new key \033[23~: 0x102f (F11)
1454162652.173623 new key \033[24~: 0x1030 (F12)
1454162652.173626 new key \033[1;2P: 0x9025 (S-F1)
1454162652.173629 new key \033[1;2Q: 0x9026 (S-F2)
1454162652.173632 new key \033[1;2R: 0x9027 (S-F3)
1454162652.173634 new key \033[1;2S: 0x9028 (S-F4)
1454162652.173637 new key \033[15;2~: 0x9029 (S-F5)
1454162652.173640 new key \033[17;2~: 0x902a (S-F6)
1454162652.173643 new key \033[18;2~: 0x902b (S-F7)
1454162652.173645 new key \033[19;2~: 0x902c (S-F8)
1454162652.173648 new key \033[20;2~: 0x902d (S-F9)
1454162652.173651 new key \033[21;2~: 0x902e (S-F10)
1454162652.173654 new key \033[23;2~: 0x902f (S-F11)
1454162652.173657 new key \033[24;2~: 0x9030 (S-F12)
1454162652.173659 new key \033[1;5P: 0x5025 (C-F1)
1454162652.173662 new key \033[1;5Q: 0x5026 (C-F2)
1454162652.173665 new key \033[1;5R: 0x5027 (C-F3)
1454162652.173667 new key \033[1;5S: 0x5028 (C-F4)
1454162652.173670 new key \033[15;5~: 0x5029 (C-F5)
1454162652.173673 new key \033[17;5~: 0x502a (C-F6)
1454162652.173675 new key \033[18;5~: 0x502b (C-F7)
1454162652.173678 new key \033[19;5~: 0x502c (C-F8)
1454162652.173681 new key \033[20;5~: 0x502d (C-F9)
1454162652.173683 new key \033[21;5~: 0x502e (C-F10)
1454162652.173686 new key \033[23;5~: 0x502f (C-F11)
1454162652.173692 new key \033[24;5~: 0x5030 (C-F12)
1454162652.173695 new key \033[1;6P: 0xd025 (C-S-F1)
1454162652.173697 new key \033[1;6Q: 0xd026 (C-S-F2)
1454162652.173700 new key \033[1;6R: 0xd027 (C-S-F3)
1454162652.173703 new key \033[1;6S: 0xd028 (C-S-F4)
1454162652.173706 new key \033[15;6~: 0xd029 (C-S-F5)
1454162652.173711 new key \033[17;6~: 0xd02a (C-S-F6)
1454162652.173713 new key \033[18;6~: 0xd02b (C-S-F7)
1454162652.173716 new key \033[19;6~: 0xd02c (C-S-F8)
1454162652.173719 new key \033[20;6~: 0xd02d (C-S-F9)
1454162652.173722 new key \033[21;6~: 0xd02e (C-S-F10)
1454162652.173724 new key \033[23;6~: 0xd02f (C-S-F11)
1454162652.173727 new key \033[24;6~: 0xd030 (C-S-F12)
1454162652.173730 new key \033[1;3P: 0x3025 (M-F1)
1454162652.173733 new key \033[1;3Q: 0x3026 (M-F2)
1454162652.173735 new key \033[1;3R: 0x3027 (M-F3)
1454162652.173738 new key \033[1;3S: 0x3028 (M-F4)
1454162652.173741 new key \033[15;3~: 0x3029 (M-F5)
1454162652.173744 new key \033[17;3~: 0x302a (M-F6)
1454162652.173746 new key \033[18;3~: 0x302b (M-F7)
1454162652.173749 new key \033[19;3~: 0x302c (M-F8)
1454162652.173752 new key \033[20;3~: 0x302d (M-F9)
1454162652.173754 new key \033[21;3~: 0x302e (M-F10)
1454162652.173757 new key \033[23;3~: 0x302f (M-F11)
1454162652.173760 new key \033[24;3~: 0x3030 (M-F12)
1454162652.173763 new key \033[1;4P: 0xb025 (M-S-F1)
1454162652.173765 new key \033[1;4Q: 0xb026 (M-S-F2)
1454162652.173768 new key \033[1;4R: 0xb027 (M-S-F3)
1454162652.173771 new key \033[2~: 0x1031 (IC)
1454162652.173774 new key \033[3~: 0x1032 (DC)
1454162652.173776 replacing key \033OH: 0x1033 (Home)
1454162652.173779 replacing key \033OF: 0x1034 (End)
1454162652.173782 new key \033[6~: 0x1035 (NPage)
1454162652.173784 new key \033[5~: 0x1036 (PPage)
1454162652.173787 new key \033[Z: 0x1037 (BTab)
1454162652.173790 replacing key \033OA: 0x1038 (Up)
1454162652.173792 replacing key \033OB: 0x1039 (Down)
1454162652.173795 replacing key \033OD: 0x103a (Left)
1454162652.173797 replacing key \033OC: 0x103b (Right)
1454162652.173800 new key \033[3;2~: 0x9032 (S-DC)
1454162652.173803 new key \033[3;3~: 0x3032 (M-DC)
1454162652.173806 new key \033[3;4~: 0xb032 (M-S-DC)
1454162652.173809 new key \033[3;5~: 0x5032 (C-DC)
1454162652.173811 new key \033[3;6~: 0xd032 (C-S-DC)
1454162652.173814 new key \033[3;7~: 0x7032 (C-M-DC)
1454162652.173817 new key \033[1;2B: 0x9039 (S-Down)
1454162652.173820 new key \033[1;3B: 0x3039 (M-Down)
1454162652.173823 new key \033[1;4B: 0xb039 (M-S-Down)
1454162652.173825 new key \033[1;5B: 0x5039 (C-Down)
1454162652.173828 new key \033[1;6B: 0xd039 (C-S-Down)
1454162652.173831 new key \033[1;7B: 0x7039 (C-M-Down)
1454162652.173834 new key \033[1;2F: 0x9034 (S-End)
1454162652.173836 new key \033[1;3F: 0x3034 (M-End)
1454162652.173839 new key \033[1;4F: 0xb034 (M-S-End)
1454162652.173842 new key \033[1;5F: 0x5034 (C-End)
1454162652.173845 new key \033[1;6F: 0xd034 (C-S-End)
1454162652.173847 new key \033[1;7F: 0x7034 (C-M-End)
1454162652.173850 new key \033[1;2H: 0x9033 (S-Home)
1454162652.173853 new key \033[1;3H: 0x3033 (M-Home)
1454162652.173856 new key \033[1;4H: 0xb033 (M-S-Home)
1454162652.173858 new key \033[1;5H: 0x5033 (C-Home)
1454162652.173861 new key \033[1;6H: 0xd033 (C-S-Home)
1454162652.173864 new key \033[1;7H: 0x7033 (C-M-Home)
1454162652.173866 new key \033[2;2~: 0x9031 (S-IC)
1454162652.173869 new key \033[2;3~: 0x3031 (M-IC)
1454162652.173872 new key \033[2;4~: 0xb031 (M-S-IC)
1454162652.173875 new key \033[2;5~: 0x5031 (C-IC)
1454162652.173878 new key \033[2;6~: 0xd031 (C-S-IC)
1454162652.173880 new key \033[2;7~: 0x7031 (C-M-IC)
1454162652.173883 new key \033[1;2D: 0x903a (S-Left)
1454162652.173886 new key \033[1;3D: 0x303a (M-Left)
1454162652.173889 new key \033[1;4D: 0xb03a (M-S-Left)
1454162652.173891 new key \033[1;5D: 0x503a (C-Left)
1454162652.173894 new key \033[1;6D: 0xd03a (C-S-Left)
1454162652.173897 new key \033[1;7D: 0x703a (C-M-Left)
1454162652.173900 new key \033[6;2~: 0x9035 (S-NPage)
1454162652.173903 new key \033[6;3~: 0x3035 (M-NPage)
1454162652.173908 new key \033[6;4~: 0xb035 (M-S-NPage)
1454162652.173911 new key \033[6;5~: 0x5035 (C-NPage)
1454162652.173914 new key \033[6;6~: 0xd035 (C-S-NPage)
1454162652.173917 new key \033[6;7~: 0x7035 (C-M-NPage)
1454162652.173920 new key \033[5;2~: 0x9036 (S-PPage)
1454162652.173923 new key \033[5;3~: 0x3036 (M-PPage)
1454162652.173926 new key \033[5;4~: 0xb036 (M-S-PPage)
1454162652.173928 new key \033[5;5~: 0x5036 (C-PPage)
1454162652.173931 new key \033[5;6~: 0xd036 (C-S-PPage)
1454162652.173934 new key \033[5;7~: 0x7036 (C-M-PPage)
1454162652.173937 new key \033[1;2C: 0x903b (S-Right)
1454162652.173940 new key \033[1;3C: 0x303b (M-Right)
1454162652.173943 new key \033[1;4C: 0xb03b (M-S-Right)
1454162652.173945 new key \033[1;5C: 0x503b (C-Right)
1454162652.173948 new key \033[1;6C: 0xd03b (C-S-Right)
1454162652.173951 new key \033[1;7C: 0x703b (C-M-Right)
1454162652.173956 new key \033[1;2A: 0x9038 (S-Up)
1454162652.173958 new key \033[1;3A: 0x3038 (M-Up)
1454162652.173961 new key \033[1;4A: 0xb038 (M-S-Up)
1454162652.173964 new key \033[1;5A: 0x5038 (C-Up)
1454162652.173967 new key \033[1;6A: 0xd038 (C-S-Up)
1454162652.173969 new key \033[1;7A: 0x7038 (C-M-Up)
1454162652.174003 @0 alerts flags added 0x2
1454162652.174007 alerts check queued (by @0)
1454162652.174024 spawn: /bin/zsh -- reattach-to-user-namespace -l zsh
1454162652.174028 spawn: argv[0] = reattach-to-user-namespace -l zsh
1454162652.174261 @0 alerts timer reset 0
1454162652.174278 session 0 created
1454162652.174287 writing 207 to client 7
1454162652.174300 client 7, status interval 2
1454162652.174405 session 0 has 3 references
1454162652.174410 session 0 has 2 references
1454162652.174413 unref client 7 (2 references)
1454162652.174420 event dispatch exit
1454162652.174813 format '~/.tmux/tmux-powerline/powerline.sh left' -> '~/.tmux/tmux-powerline/powerline.sh left'
1454162652.175009 run job 0x7f8d02714c10: ~/.tmux/tmux-powerline/powerline.sh left, pid 5478
1454162652.175030 format '#(~/.tmux/tmux-powerline/powerline.sh left)' -> '<'~/.tmux/tmux-powerline/powerline.sh left' not ready>'
1454162652.175606 format '~/.tmux/tmux-powerline/powerline.sh right' -> '~/.tmux/tmux-powerline/powerline.sh right'
1454162652.176378 run job 0x7f8d02504580: ~/.tmux/tmux-powerline/powerline.sh right, pid 5479
1454162652.176416 format '#(~/.tmux/tmux-powerline/powerline.sh right)' -> '<'~/.tmux/tmux-powerline/powerline.sh right' not ready>'
1454162652.177107 format '#{window_flags}' -> '*'
1454162652.177119 format '#I:#W#{?window_flags,#{window_flags}, }' -> '1:reattach-to-user-namespace*'
1454162652.177628 @0 active pane changed
1454162652.177745 format '[tmux]' -> '[tmux]'
1454162652.177754 format '' -> ''
1454162652.177760 format '#{?pane_in_mode,[tmux],#{pane_current_command}}#{?pane_dead,[dead],}' -> '[tmux]'
1454162652.177786 @0 new name [tmux] (was reattach-to-user-namespace)
1454162652.177796 event dispatch enter
1454162652.177840 job write 0x7f8d02714c10: ~/.tmux/tmux-powerline/powerline.sh left, pid 5478, output left 0
1454162652.177854 job write 0x7f8d02504580: ~/.tmux/tmux-powerline/powerline.sh right, pid 5479, output left 0
1454162652.177916 0:1 @0 alerts check, alerts 0, flags 0x2
1454162652.177922 event dispatch exit
1454162652.178582 format '~/.tmux/tmux-powerline/powerline.sh left' -> '~/.tmux/tmux-powerline/powerline.sh left'
1454162652.178595 format '#(~/.tmux/tmux-powerline/powerline.sh left)' -> '<'~/.tmux/tmux-powerline/powerline.sh left' not ready>'
1454162652.179251 format '~/.tmux/tmux-powerline/powerline.sh right' -> '~/.tmux/tmux-powerline/powerline.sh right'
1454162652.179266 format '#(~/.tmux/tmux-powerline/powerline.sh right)' -> '<'~/.tmux/tmux-powerline/powerline.sh right' not ready>'
1454162652.179915 format '#{window_flags}' -> '*'
1454162652.179930 format '#I:#W#{?window_flags,#{window_flags}, }' -> '1:[tmux]*'
1454162652.180054 @0 active pane not changed
1454162652.180061 event dispatch enter
1454162652.180105 job error 0x7f8d02714c10: ~/.tmux/tmux-powerline/powerline.sh left, pid 5478
1454162652.180118 job error 0x7f8d02504580: ~/.tmux/tmux-powerline/powerline.sh right, pid 5479
1454162652.180220 got 208 from client 7
1454162652.180259 job died 0x7f8d02504580: ~/.tmux/tmux-powerline/powerline.sh right, pid 5479
1454162652.180267 format_job_callback: ~/.tmux/tmux-powerline/powerline.sh right: 
1454162652.180272 free job 0x7f8d02504580: ~/.tmux/tmux-powerline/powerline.sh right
1454162652.180445 job died 0x7f8d02714c10: ~/.tmux/tmux-powerline/powerline.sh left, pid 5478
1454162652.180455 format_job_callback: ~/.tmux/tmux-powerline/powerline.sh left: 
1454162652.180461 free job 0x7f8d02714c10: ~/.tmux/tmux-powerline/powerline.sh left
1454162652.180511 event dispatch exit
1454162652.181134 format '~/.tmux/tmux-powerline/powerline.sh left' -> '~/.tmux/tmux-powerline/powerline.sh left'
1454162652.181142 format '#(~/.tmux/tmux-powerline/powerline.sh left)' -> ''
1454162652.181445 format '~/.tmux/tmux-powerline/powerline.sh right' -> '~/.tmux/tmux-powerline/powerline.sh right'
1454162652.181450 format '#(~/.tmux/tmux-powerline/powerline.sh right)' -> ''
1454162652.181759 format '#{window_flags}' -> '*'
1454162652.181764 format '#I:#W#{?window_flags,#{window_flags}, }' -> '1:[tmux]*'
1454162652.181829 @0 active pane not changed
1454162652.181833 event dispatch enter
1454162652.181855 event dispatch exit
1454162652.181862 @0 active pane not changed
1454162652.181866 event dispatch enter
1454162652.782448 session 0 has 2 references
1454162652.782480 session 0 destroyed
1454162652.782489 session 0 has 2 references
1454162652.782502 session 0 has 1 references
1454162652.782513 event dispatch exit
1454162652.782520 writing 203 to client 7
1454162652.782530 event dispatch enter
1454162652.782577 session 0 freed (0 references)
1454162652.782591 event dispatch exit
1454162652.782602 event dispatch enter
1454162652.782793 got 205 from client 7
1454162652.782993 writing 204 to client 7
1454162652.783011 event dispatch exit
1454162652.783018 event dispatch enter
1454162652.783089 event dispatch exit
1454162652.783121 event dispatch enter
1454162652.783781 lost client 7
1454162652.783851 unref client 7 (1 references)
1454162652.783976 event dispatch exit
